<?xml version="1.0"?>
<?xml-stylesheet type="text/xsl" href="yaxx.xsl"?><!DOCTYPE module id="26" SYSTEM "yaxx.dtd">
<yaxx:module id="26" xmlns:yaxx="urn:YAcc-Xml-eXtension">
</yaxx:module>

