<?xml version="1.0"?>
<?xml-stylesheet type="text/xsl" href="yaxx.xsl"?><!DOCTYPE module SYSTEM "yyyaxx.dtd">
<yaxx:module xmlns:yaxx="urn:YAcc-Xml-eXtension">
<yaxx:opspacs>
</yaxx:opspacs>
<yaxx:sxml>
<yaxx:SXML>&lt;?xml version=&quot;1.0&quot;?&gt;</yaxx:SXML>
</yaxx:sxml>
<yaxx:opspacs>
<yaxx:opspacs>
</yaxx:opspacs>
<yaxx:SPACES>
</yaxx:SPACES>
</yaxx:opspacs>
<yaxx:element>
<yaxx:stag>
<yaxx:STAG>&lt;a</yaxx:STAG>
</yaxx:stag>
<yaxx:options>
</yaxx:options>
<yaxx:etag>
<yaxx:ETAG>&gt;</yaxx:ETAG>
</yaxx:etag>
<yaxx:blocks>
<yaxx:block>
<yaxx:SPACES>
</yaxx:SPACES>
</yaxx:block>
<yaxx:blocks>
<yaxx:block>
<yaxx:SPACES> </yaxx:SPACES>
</yaxx:block>
<yaxx:blocks>
<yaxx:block>
<yaxx:element>
<yaxx:stag>
<yaxx:STAG>&lt;b</yaxx:STAG>
</yaxx:stag>
<yaxx:options>
</yaxx:options>
<yaxx:xtag>
<yaxx:XTAG>/&gt;</yaxx:XTAG>
</yaxx:xtag>
</yaxx:element>
</yaxx:block>
<yaxx:blocks>
<yaxx:block>
<yaxx:SPACES>
</yaxx:SPACES>
</yaxx:block>
<yaxx:blocks>
</yaxx:blocks>
</yaxx:blocks>
</yaxx:blocks>
</yaxx:blocks>
</yaxx:blocks>
<yaxx:ctag>
<yaxx:CTAG>&lt;/a</yaxx:CTAG>
</yaxx:ctag>
<yaxx:etag>
<yaxx:ETAG>&gt;</yaxx:ETAG>
</yaxx:etag>
</yaxx:element>
<yaxx:opspacs>
<yaxx:opspacs>
</yaxx:opspacs>
<yaxx:SPACES>
</yaxx:SPACES>
</yaxx:opspacs>
</yaxx:module>

